cnn + classification
EPO[1_40.3]       train: 0.381  stop:0.975      offset:  383       test:0.314:0.287
EPO[2_41.8]       train: 0.311  stop:0.975      offset:  383       test:0.311:0.288
EPO[3_42.3]       train: 0.306  stop:0.975      offset:  383       test:0.308:0.289
EPO[4_41.9]       train: 0.302  stop:0.975      offset:  383       test:0.303:0.290
EPO[5_44.2]       train: 0.298  stop:0.975      offset:  383       test:0.300:0.290
EPO[6_46.0]       train: 0.295  stop:0.975      offset:  383       test:0.298:0.291
EPO[7_44.2]       train: 0.292  stop:0.975      offset:  383       test:0.294:0.291
EPO[8_45.4]       train: 0.290  stop:0.975      offset:  383       test:0.293:0.291
EPO[9_42.5]       train: 0.289  stop:0.975      offset:  383       test:0.291:0.291
EPO[10_43.0]      train: 0.287  stop:0.975      offset:  383       test:0.290:0.291

cnn + classification (length-aware mask)
EPO[1_43.8]       train: 0.361  stop:0.975      offset:  383       test:0.322:0.284
EPO[2_45.4]       train: 0.315  stop:0.975      offset:  383       test:0.316:0.282
EPO[3_44.4]       train: 0.308  stop:0.975      offset:  383       test:0.310:0.286
EPO[4_45.3]       train: 0.302  stop:0.975      offset:  383       test:0.304:0.285
EPO[5_45.4]       train: 0.298  stop:0.975      offset:  383       test:0.300:0.287
EPO[6_44.6]       train: 0.294  stop:0.975      offset:  383       test:0.297:0.290
EPO[7_44.7]       train: 0.291  stop:0.975      offset:  383       test:0.294:0.291
EPO[8_44.8]       train: 0.289  stop:0.975      offset:  383       test:0.292:0.292
EPO[9_44.2]       train: 0.287  stop:0.975      offset:  383       test:0.291:0.295
EPO[10_44.9]      train: 0.286  stop:0.975      offset:  383       test:0.289:0.293

cnn + classification + w2v (length-aware mask)
EPO[1_70.5]       train: 0.355  stop:0.976      offset:  389       test:0.317:0.287
EPO[2_66.2]       train: 0.310  stop:0.976      offset:  390       test:0.310:0.286
EPO[3_63.8]       train: 0.302  stop:0.976      offset:  389       test:0.305:0.288
EPO[4_64.0]       train: 0.296  stop:0.976      offset:  388       test:0.299:0.293
EPO[5_67.4]       train: 0.291  stop:0.976      offset:  387       test:0.295:0.297
EPO[6_68.0]       train: 0.286  stop:0.976      offset:  386       test:0.293:0.298
EPO[7_65.9]       train: 0.282  stop:0.976      offset:  385       test:0.289:0.299
EPO[8_64.0]       train: 0.280  stop:0.976      offset:  385       test:0.289:0.301
EPO[9_61.9]       train: 0.277  stop:0.976      offset:  385       test:0.288:0.303
EPO[10_64.7]      train: 0.274  stop:0.976      offset:  384       test:0.287:0.303
